2025-04-22 11:39:04,119 - Logging initialized.
2025-04-22 11:39:04,120 - Logging has started...
2025-04-22 11:39:04,120 - Training FINAL_GNN_NE_SMALLER
2025-04-22 11:39:04,120 - Using device: cuda:0
2025-04-22 11:39:04,120 - Temperature: 0.1, Batch Size: 512, Epochs: 50
2025-04-22 11:42:32,539 - Epoch 0 - Avg Train Loss: 5.5824
2025-04-22 11:46:01,261 - Epoch 1 - Avg Train Loss: 5.1191
2025-04-22 11:49:20,278 - Epoch 2 - Avg Train Loss: 3.7507
2025-04-22 11:53:02,075 - Epoch 3 - Avg Train Loss: 2.8736
2025-04-22 11:56:13,623 - Epoch 4 - Avg Train Loss: 2.5911
2025-04-22 11:59:25,569 - Epoch 5 - Avg Train Loss: 2.3183
2025-04-22 12:02:35,119 - Epoch 6 - Avg Train Loss: 2.1287
2025-04-22 12:05:50,290 - Epoch 7 - Avg Train Loss: 1.8595
2025-04-22 12:09:01,601 - Epoch 8 - Avg Train Loss: 1.7373
2025-04-22 12:12:17,670 - Epoch 9 - Avg Train Loss: 1.7465
2025-04-22 12:15:51,282 - Epoch 10 - Avg Train Loss: 1.7720
2025-04-22 12:19:17,845 - Epoch 11 - Avg Train Loss: 1.7033
2025-04-22 12:22:34,606 - Epoch 12 - Avg Train Loss: 1.5664
2025-04-22 12:25:45,936 - Epoch 13 - Avg Train Loss: 1.5868
2025-04-22 12:28:57,724 - Epoch 14 - Avg Train Loss: 1.5015
2025-04-22 12:32:08,868 - Epoch 15 - Avg Train Loss: 1.6921
2025-04-22 12:35:20,637 - Epoch 16 - Avg Train Loss: 1.4404
2025-04-22 12:38:33,552 - Epoch 17 - Avg Train Loss: 1.3521
2025-04-22 12:41:48,912 - Epoch 18 - Avg Train Loss: 1.2193
2025-04-22 12:45:01,594 - Epoch 19 - Avg Train Loss: 1.3805
2025-04-22 12:48:12,356 - Epoch 20 - Avg Train Loss: 1.2432
2025-04-22 12:51:22,895 - Epoch 21 - Avg Train Loss: 1.2685
2025-04-22 12:54:38,206 - Epoch 22 - Avg Train Loss: 1.1096
2025-04-22 12:57:47,222 - Epoch 23 - Avg Train Loss: 1.2696
2025-04-22 13:00:59,125 - Epoch 24 - Avg Train Loss: 1.1780
2025-04-22 13:04:10,528 - Epoch 25 - Avg Train Loss: 1.0649
2025-04-22 13:07:35,837 - Epoch 26 - Avg Train Loss: 1.1552
2025-04-22 13:10:53,674 - Epoch 27 - Avg Train Loss: 1.2219
2025-04-22 13:14:19,744 - Epoch 28 - Avg Train Loss: 1.3352
2025-04-22 13:17:40,767 - Epoch 29 - Avg Train Loss: 1.1410
2025-04-22 13:21:03,141 - Epoch 30 - Avg Train Loss: 1.1438
2025-04-22 13:24:26,109 - Epoch 31 - Avg Train Loss: 1.1435
2025-04-22 13:27:45,434 - Epoch 32 - Avg Train Loss: 1.2314
2025-04-22 13:31:08,665 - Epoch 33 - Avg Train Loss: 1.1639
2025-04-22 13:34:26,942 - Epoch 34 - Avg Train Loss: 1.0204
2025-04-22 13:37:43,878 - Epoch 35 - Avg Train Loss: 1.0885
2025-04-22 13:41:01,477 - Epoch 36 - Avg Train Loss: 1.0057
2025-04-22 13:44:19,710 - Epoch 37 - Avg Train Loss: 1.0455
2025-04-22 13:47:44,067 - Epoch 38 - Avg Train Loss: 1.1070
2025-04-22 13:51:08,236 - Epoch 39 - Avg Train Loss: 1.2613
2025-04-22 13:54:29,406 - Epoch 40 - Avg Train Loss: 1.1032
2025-04-22 13:57:51,270 - Epoch 41 - Avg Train Loss: 1.2386
2025-04-22 14:01:13,757 - Epoch 42 - Avg Train Loss: 0.9838
2025-04-22 14:04:32,623 - Epoch 43 - Avg Train Loss: 1.0757
2025-04-22 14:07:49,892 - Epoch 44 - Avg Train Loss: 1.0034
2025-04-22 14:11:07,577 - Epoch 45 - Avg Train Loss: 0.9849
2025-04-22 14:14:25,093 - Epoch 46 - Avg Train Loss: 0.8854
2025-04-22 14:17:39,636 - Epoch 47 - Avg Train Loss: 1.0122
2025-04-22 14:20:57,590 - Epoch 48 - Avg Train Loss: 1.1158
2025-04-22 14:24:20,381 - Epoch 49 - Avg Train Loss: 1.0352
2025-04-22 14:24:20,451 - Model saved to models\FINAL_GNN_NE_SMALLER.pth
2025-04-22 14:24:20,451 - Training finished.
2025-04-22 16:33:06,184 - Logging initialized.
2025-04-22 16:33:06,184 - Logging has started...
2025-04-22 16:33:06,184 - Training FINAL_GNN_NE_SMALLER_GREATER_OUTPUT
2025-04-22 16:33:06,184 - Using device: cuda:0
2025-04-22 16:33:06,184 - Temperature: 0.1, Batch Size: 512, Epochs: 50
2025-04-22 16:36:22,621 - Epoch 0 - Avg Train Loss: 5.1671
2025-04-22 16:39:35,780 - Epoch 1 - Avg Train Loss: 3.7961
2025-04-22 16:42:53,646 - Epoch 2 - Avg Train Loss: 2.7087
2025-04-22 16:46:06,470 - Epoch 3 - Avg Train Loss: 2.5041
2025-04-22 16:49:23,871 - Epoch 4 - Avg Train Loss: 2.3005
2025-04-22 16:52:42,550 - Epoch 5 - Avg Train Loss: 1.9553
2025-04-22 16:56:17,505 - Epoch 6 - Avg Train Loss: 1.7930
2025-04-22 16:59:43,519 - Epoch 7 - Avg Train Loss: 1.6677
2025-04-22 17:02:58,915 - Epoch 8 - Avg Train Loss: 1.7212
2025-04-22 17:06:11,863 - Epoch 9 - Avg Train Loss: 1.4784
2025-04-22 17:09:24,366 - Epoch 10 - Avg Train Loss: 1.6181
2025-04-22 17:12:36,558 - Epoch 11 - Avg Train Loss: 1.4750
2025-04-22 17:15:50,081 - Epoch 12 - Avg Train Loss: 1.3901
2025-04-22 17:19:02,251 - Epoch 13 - Avg Train Loss: 1.4150
2025-04-22 17:22:17,294 - Epoch 14 - Avg Train Loss: 1.3516
2025-04-22 17:25:28,328 - Epoch 15 - Avg Train Loss: 1.4187
2025-04-22 17:28:41,062 - Epoch 16 - Avg Train Loss: 1.2479
2025-04-22 17:31:55,883 - Epoch 17 - Avg Train Loss: 1.4120
2025-04-22 17:35:20,391 - Epoch 18 - Avg Train Loss: 1.2363
2025-04-22 17:39:02,281 - Epoch 19 - Avg Train Loss: 1.1434
2025-04-22 17:42:54,266 - Epoch 20 - Avg Train Loss: 1.2619
2025-04-22 17:46:50,875 - Epoch 21 - Avg Train Loss: 1.1366
2025-04-22 17:50:49,208 - Epoch 22 - Avg Train Loss: 1.1605
2025-04-22 17:54:46,643 - Epoch 23 - Avg Train Loss: 1.3118
2025-04-22 17:58:48,110 - Epoch 24 - Avg Train Loss: 1.2448
2025-04-22 18:02:47,763 - Epoch 25 - Avg Train Loss: 1.2760
2025-04-22 18:06:46,161 - Epoch 26 - Avg Train Loss: 1.3850
2025-04-22 18:10:44,919 - Epoch 27 - Avg Train Loss: 1.2070
2025-04-22 18:14:41,601 - Epoch 28 - Avg Train Loss: 1.1176
2025-04-22 18:18:35,835 - Epoch 29 - Avg Train Loss: 1.1275
2025-04-22 18:22:33,643 - Epoch 30 - Avg Train Loss: 1.1422
2025-04-22 18:26:30,259 - Epoch 31 - Avg Train Loss: 1.0244
2025-04-22 18:30:29,057 - Epoch 32 - Avg Train Loss: 1.0992
2025-04-22 18:34:33,125 - Epoch 33 - Avg Train Loss: 1.0934
2025-04-22 18:38:16,199 - Epoch 34 - Avg Train Loss: 1.1858
2025-04-22 18:42:00,886 - Epoch 35 - Avg Train Loss: 1.0976
2025-04-22 18:45:27,779 - Epoch 36 - Avg Train Loss: 1.0881
2025-04-22 18:48:51,863 - Epoch 37 - Avg Train Loss: 0.9789
2025-04-22 18:52:48,679 - Epoch 38 - Avg Train Loss: 0.9369
2025-04-22 18:56:10,765 - Epoch 39 - Avg Train Loss: 1.1440
2025-04-22 18:59:30,702 - Epoch 40 - Avg Train Loss: 1.1837
2025-04-22 19:02:47,031 - Epoch 41 - Avg Train Loss: 1.1412
2025-04-22 19:06:04,565 - Epoch 42 - Avg Train Loss: 0.9978
2025-04-22 19:09:19,397 - Epoch 43 - Avg Train Loss: 1.0357
2025-04-22 19:12:37,481 - Epoch 44 - Avg Train Loss: 1.0548
2025-04-22 19:15:52,415 - Epoch 45 - Avg Train Loss: 0.9489
2025-04-22 19:19:18,688 - Epoch 46 - Avg Train Loss: 1.1387
2025-04-22 19:23:00,532 - Epoch 47 - Avg Train Loss: 1.1330
2025-04-22 19:26:49,688 - Epoch 48 - Avg Train Loss: 1.0497
2025-04-22 19:30:44,972 - Epoch 49 - Avg Train Loss: 1.2053
2025-04-22 19:30:45,044 - Model saved to models\FINAL_GNN_NE_SMALLER_GREATER_OUTPUT.pth
2025-04-22 19:30:45,044 - Training finished.
2025-04-22 20:07:13,214 - Logging initialized.
2025-04-22 20:07:13,215 - Logging has started...
2025-04-22 20:07:13,215 - Training FINAL_GNN_NE_BIG_GREATER_OUTPUT
2025-04-22 20:07:13,215 - Using device: cuda:0
2025-04-22 20:07:13,215 - Temperature: 0.1, Batch Size: 512, Epochs: 50
2025-04-22 20:10:41,591 - Epoch 0 - Avg Train Loss: 5.6082
2025-04-22 20:14:15,601 - Epoch 1 - Avg Train Loss: 5.3406
2025-04-22 20:17:55,433 - Epoch 2 - Avg Train Loss: 5.2183
2025-04-22 20:21:23,050 - Epoch 3 - Avg Train Loss: 4.6674
2025-04-22 20:24:52,413 - Epoch 4 - Avg Train Loss: 4.4329
2025-04-22 20:28:47,723 - Epoch 5 - Avg Train Loss: 3.7470
2025-04-22 20:34:52,739 - Epoch 6 - Avg Train Loss: 2.6560
2025-04-22 20:41:46,647 - Epoch 7 - Avg Train Loss: 2.5821
2025-04-22 20:48:49,309 - Epoch 8 - Avg Train Loss: 2.3032
2025-04-22 20:54:55,992 - Epoch 9 - Avg Train Loss: 1.9713
2025-04-22 20:59:19,150 - Epoch 10 - Avg Train Loss: 1.8101
2025-04-22 21:04:21,789 - Epoch 11 - Avg Train Loss: 1.9557
2025-04-22 21:10:10,973 - Epoch 12 - Avg Train Loss: 1.5370
2025-04-22 21:15:32,609 - Epoch 13 - Avg Train Loss: 1.5480
2025-04-22 21:20:47,170 - Epoch 14 - Avg Train Loss: 1.6457
2025-04-22 21:26:37,214 - Epoch 15 - Avg Train Loss: 1.3150
2025-04-22 21:32:34,575 - Epoch 16 - Avg Train Loss: 1.3940
2025-04-22 21:38:27,645 - Epoch 17 - Avg Train Loss: 1.4700
2025-04-22 21:44:28,462 - Epoch 18 - Avg Train Loss: 1.3801
2025-04-22 21:50:05,054 - Epoch 19 - Avg Train Loss: 1.5745
2025-04-22 21:53:40,085 - Epoch 20 - Avg Train Loss: 1.3732
2025-04-22 21:57:13,165 - Epoch 21 - Avg Train Loss: 1.3531
2025-04-22 22:00:52,621 - Epoch 22 - Avg Train Loss: 1.1302
2025-04-22 22:04:47,660 - Epoch 23 - Avg Train Loss: 1.1071
2025-04-22 22:08:48,304 - Epoch 24 - Avg Train Loss: 1.3334
2025-04-22 22:12:55,107 - Epoch 25 - Avg Train Loss: 1.3924
2025-04-22 22:17:08,238 - Epoch 26 - Avg Train Loss: 1.2620
2025-04-22 22:21:21,259 - Epoch 27 - Avg Train Loss: 1.3205
2025-04-22 22:25:35,019 - Epoch 28 - Avg Train Loss: 1.1467
2025-04-22 22:29:46,813 - Epoch 29 - Avg Train Loss: 1.2272
2025-04-22 22:33:58,373 - Epoch 30 - Avg Train Loss: 1.1323
2025-04-22 22:38:00,869 - Epoch 31 - Avg Train Loss: 1.3432
2025-04-22 22:42:03,179 - Epoch 32 - Avg Train Loss: 1.2487
2025-04-22 22:46:20,255 - Epoch 33 - Avg Train Loss: 1.3311
2025-04-22 22:50:25,365 - Epoch 34 - Avg Train Loss: 1.0824
2025-04-22 22:54:43,169 - Epoch 35 - Avg Train Loss: 1.3431
2025-04-22 22:58:59,223 - Epoch 36 - Avg Train Loss: 1.1832
2025-04-22 23:03:12,055 - Epoch 37 - Avg Train Loss: 1.1209
2025-04-22 23:07:28,427 - Epoch 38 - Avg Train Loss: 1.2158
2025-04-22 23:11:44,363 - Epoch 39 - Avg Train Loss: 0.9397
2025-04-22 23:15:56,532 - Epoch 40 - Avg Train Loss: 1.1025
2025-04-22 23:19:57,475 - Epoch 41 - Avg Train Loss: 1.1642
2025-04-22 23:23:58,818 - Epoch 42 - Avg Train Loss: 1.0988
2025-04-22 23:27:32,632 - Epoch 43 - Avg Train Loss: 1.0676
2025-04-22 23:31:07,202 - Epoch 44 - Avg Train Loss: 1.0808
2025-04-22 23:34:34,500 - Epoch 45 - Avg Train Loss: 1.0927
2025-04-22 23:38:01,218 - Epoch 46 - Avg Train Loss: 1.0977
2025-04-22 23:41:27,923 - Epoch 47 - Avg Train Loss: 1.0449
2025-04-22 23:44:55,547 - Epoch 48 - Avg Train Loss: 1.2080
2025-04-22 23:48:24,260 - Epoch 49 - Avg Train Loss: 1.2021
2025-04-22 23:48:24,313 - Model saved to models\FINAL_GNN_NE_BIG_GREATER_OUTPUT.pth
2025-04-22 23:48:24,314 - Training finished.
