2025-04-19 12:16:38,541 - Logging initialized.
2025-04-19 12:16:38,542 - Logging has started...
2025-04-19 12:16:38,542 - Training FINAL_GNN_NE
2025-04-19 12:16:38,542 - Using device: cuda:0
2025-04-19 12:16:38,542 - Temperature: 0.1, Batch Size: 512, Epochs: 50
2025-04-19 12:19:12,365 - Logging initialized.
2025-04-19 12:19:12,365 - Logging has started...
2025-04-19 12:19:12,365 - Training FINAL_GNN_NE
2025-04-19 12:19:12,365 - Using device: cuda:0
2025-04-19 12:19:12,365 - Temperature: 0.1, Batch Size: 512, Epochs: 50
2025-04-19 12:23:03,551 - Epoch 0 - Avg Train Loss: 6.0715
2025-04-19 12:26:46,948 - Epoch 1 - Avg Train Loss: 5.7073
2025-04-19 12:30:16,684 - Epoch 2 - Avg Train Loss: 5.2466
2025-04-19 12:33:51,626 - Epoch 3 - Avg Train Loss: 4.6518
2025-04-19 12:37:15,617 - Epoch 4 - Avg Train Loss: 4.7359
2025-04-19 12:40:37,662 - Epoch 5 - Avg Train Loss: 3.7664
2025-04-19 12:44:01,910 - Epoch 6 - Avg Train Loss: 2.8046
2025-04-19 12:47:29,010 - Epoch 7 - Avg Train Loss: 2.6063
2025-04-19 12:50:57,146 - Epoch 8 - Avg Train Loss: 2.2828
2025-04-19 12:54:58,137 - Epoch 9 - Avg Train Loss: 2.0144
2025-04-19 12:59:00,711 - Epoch 10 - Avg Train Loss: 1.9280
2025-04-19 13:02:32,202 - Epoch 11 - Avg Train Loss: 1.6249
2025-04-19 13:06:03,449 - Epoch 12 - Avg Train Loss: 1.5764
2025-04-19 13:09:35,572 - Epoch 13 - Avg Train Loss: 1.5962
2025-04-19 13:13:02,160 - Epoch 14 - Avg Train Loss: 1.5227
2025-04-19 13:16:27,533 - Epoch 15 - Avg Train Loss: 1.4755
2025-04-19 13:19:54,010 - Epoch 16 - Avg Train Loss: 1.5642
2025-04-19 13:23:30,760 - Epoch 17 - Avg Train Loss: 1.5275
2025-04-19 13:27:09,121 - Epoch 18 - Avg Train Loss: 1.5283
2025-04-19 13:30:46,144 - Epoch 19 - Avg Train Loss: 1.5190
2025-04-19 13:34:16,554 - Epoch 20 - Avg Train Loss: 1.3371
2025-04-19 13:37:43,729 - Epoch 21 - Avg Train Loss: 1.3181
2025-04-19 13:41:09,839 - Epoch 22 - Avg Train Loss: 1.2698
2025-04-19 13:44:49,032 - Epoch 23 - Avg Train Loss: 1.2331
2025-04-19 13:48:46,129 - Epoch 24 - Avg Train Loss: 1.3571
2025-04-19 13:52:36,529 - Epoch 25 - Avg Train Loss: 1.1958
2025-04-19 13:56:16,247 - Epoch 26 - Avg Train Loss: 1.3226
2025-04-19 13:59:45,328 - Epoch 27 - Avg Train Loss: 1.1528
2025-04-19 14:03:13,900 - Epoch 28 - Avg Train Loss: 1.1792
2025-04-19 14:06:41,478 - Epoch 29 - Avg Train Loss: 0.9292
2025-04-19 14:10:21,204 - Epoch 30 - Avg Train Loss: 1.1979
2025-04-19 14:13:53,314 - Epoch 31 - Avg Train Loss: 1.2607
2025-04-19 14:17:19,252 - Epoch 32 - Avg Train Loss: 1.2171
2025-04-19 14:20:44,554 - Epoch 33 - Avg Train Loss: 1.0878
2025-04-19 14:24:11,334 - Epoch 34 - Avg Train Loss: 1.3812
2025-04-19 14:27:37,954 - Epoch 35 - Avg Train Loss: 1.1650
2025-04-19 14:31:04,371 - Epoch 36 - Avg Train Loss: 1.0437
2025-04-19 14:34:31,977 - Epoch 37 - Avg Train Loss: 1.1762
2025-04-19 14:37:58,508 - Epoch 38 - Avg Train Loss: 1.1786
2025-04-19 14:41:24,432 - Epoch 39 - Avg Train Loss: 1.2706
2025-04-19 14:44:50,532 - Epoch 40 - Avg Train Loss: 1.3512
2025-04-19 14:48:16,336 - Epoch 41 - Avg Train Loss: 1.1738
2025-04-19 14:51:43,685 - Epoch 42 - Avg Train Loss: 1.1408
2025-04-19 14:55:09,324 - Epoch 43 - Avg Train Loss: 1.0763
2025-04-19 14:58:38,582 - Epoch 44 - Avg Train Loss: 1.0666
2025-04-19 15:02:17,640 - Epoch 45 - Avg Train Loss: 1.0686
2025-04-19 15:06:00,543 - Epoch 46 - Avg Train Loss: 1.0387
2025-04-19 15:09:48,080 - Epoch 47 - Avg Train Loss: 1.0753
2025-04-19 15:13:33,187 - Epoch 48 - Avg Train Loss: 1.0767
2025-04-19 15:17:15,196 - Epoch 49 - Avg Train Loss: 1.3176
2025-04-19 15:17:15,259 - Model saved to models\FINAL_GNN_NE.pth
2025-04-19 15:17:15,259 - Training finished.
